<?xml version="1.0" encoding="UTF-8"?>
<!-- Generated by org.testng.reporters.JUnitReportReporter -->
<testsuite hostname="DESKTOP-P0FATQV" failures="0" tests="7" name="testngdemo.OrangeHRM" time="41.132" errors="0" timestamp="2024-05-26T21:07:17 IST" skipped="0">
  <testcase classname="testngdemo.OrangeHRM" name="navigatetomyinfo" time="1.838"/>
  <testcase classname="testngdemo.OrangeHRM" name="lunchapp" time="15.973"/>
  <testcase classname="testngdemo.OrangeHRM" name="enterlogindetails" time="3.240"/>
  <testcase classname="testngdemo.OrangeHRM" name="verifylogin" time="1.825"/>
  <testcase classname="testngdemo.OrangeHRM" name="lunchapp" time="16.661"/>
  <testcase classname="testngdemo.OrangeHRM" name="verifymyinfo" time="0.575"/>
  <testcase classname="testngdemo.OrangeHRM" name="enterlogindetails" time="1.020"/>
</testsuite> <!-- testngdemo.OrangeHRM -->
