<?xml version="1.0" encoding="UTF-8"?>
<!-- Generated by org.testng.reporters.JUnitReportReporter -->
<testsuite hostname="DESKTOP-P0FATQV" failures="0" tests="1" name="jdbcConnector.JdbcSelectQuery" time="1.045" errors="0" timestamp="2024-06-19T19:50:42 IST" skipped="0">
  <testcase classname="jdbcConnector.JdbcSelectQuery" name="selectquery" time="1.045"/>
</testsuite> <!-- jdbcConnector.JdbcSelectQuery -->
