<?xml version="1.0" encoding="UTF-8"?>
<!-- Generated by org.testng.reporters.JUnitReportReporter -->
<testsuite hostname="DESKTOP-P0FATQV" failures="0" tests="1" name="propertiesFile.ReadPropertiesFile" time="10.748" errors="0" timestamp="2024-07-22T18:45:00 IST" skipped="0">
  <testcase classname="propertiesFile.ReadPropertiesFile" name="test" time="10.748"/>
</testsuite> <!-- propertiesFile.ReadPropertiesFile -->
