<?xml version="1.0" encoding="UTF-8"?>
<!-- Generated by org.testng.reporters.JUnitReportReporter -->
<testsuite hostname="DESKTOP-P0FATQV" failures="0" tests="1" name="datadriventesting.datadriventesting" time="1.466" errors="0" timestamp="2024-07-22T20:22:42 IST" skipped="0">
  <testcase classname="datadriventesting.datadriventesting" name="datafetch" time="1.466"/>
</testsuite> <!-- datadriventesting.datadriventesting -->
