<?xml version="1.0" encoding="UTF-8"?>
<!-- Generated by org.testng.reporters.JUnitReportReporter -->
<testsuite hostname="DESKTOP-P0FATQV" failures="0" tests="3" name="testngdemo.CrossBrowserTesting" time="47.747" errors="0" timestamp="2024-06-12T22:40:37 IST" skipped="0">
  <testcase classname="testngdemo.CrossBrowserTesting" name="orangehrm" time="16.643"/>
  <testcase classname="testngdemo.CrossBrowserTesting" name="orangehrm" time="15.772"/>
  <testcase classname="testngdemo.CrossBrowserTesting" name="orangehrm" time="15.332"/>
</testsuite> <!-- testngdemo.CrossBrowserTesting -->
