<?xml version="1.0" encoding="UTF-8"?>
<!-- Generated by org.testng.reporters.JUnitReportReporter -->
<testsuite hostname="DESKTOP-P0FATQV" failures="0" tests="1" name="pageobjectmodel.DriverPOM" time="24.950" errors="0" timestamp="2024-06-19T17:15:59 IST" skipped="0">
  <testcase classname="pageobjectmodel.DriverPOM" name="test" time="24.950"/>
</testsuite> <!-- pageobjectmodel.DriverPOM -->
