<?xml version="1.0" encoding="UTF-8"?>
<!-- Generated by org.testng.reporters.JUnitReportReporter -->
<testsuite hostname="DESKTOP-P0FATQV" failures="0" tests="3" name="testngdemo.CrossBrowserTesting" time="38.671" errors="0" timestamp="2024-07-12T14:31:55 IST" skipped="0">
  <testcase classname="testngdemo.CrossBrowserTesting" name="orangehrm" time="6.815"/>
  <testcase classname="testngdemo.CrossBrowserTesting" name="orangehrm" time="15.943"/>
  <testcase classname="testngdemo.CrossBrowserTesting" name="orangehrm" time="15.913"/>
</testsuite> <!-- testngdemo.CrossBrowserTesting -->
