<?xml version="1.0" encoding="UTF-8"?>
<!-- Generated by org.testng.reporters.JUnitReportReporter -->
<testsuite hostname="DESKTOP-P0FATQV" failures="0" tests="1" name="seleniumWebdriver.JdbcSelectQuery" time="0.843" errors="0" timestamp="2024-05-25T20:29:15 IST" skipped="0">
  <testcase classname="seleniumWebdriver.JdbcSelectQuery" name="selectquery" time="0.843"/>
</testsuite> <!-- seleniumWebdriver.JdbcSelectQuery -->
