<?xml version="1.0" encoding="UTF-8"?>
<!-- Generated by org.testng.reporters.JUnitReportReporter -->
<testsuite hostname="DESKTOP-P0FATQV" failures="0" tests="1" name="seleniumWebdriver.testPOM" time="6.522" errors="0" timestamp="2024-05-26T18:58:09 IST" skipped="0">
  <testcase classname="seleniumWebdriver.testPOM" name="test" time="6.522"/>
</testsuite> <!-- seleniumWebdriver.testPOM -->
