<?xml version="1.0" encoding="UTF-8"?>
<!-- Generated by org.testng.reporters.JUnitReportReporter -->
<testsuite hostname="DESKTOP-P0FATQV" failures="0" tests="1" name="Listerners.Demo_Listeners" time="2.488" errors="0" timestamp="2024-07-12T18:54:18 IST" skipped="0">
  <testcase classname="Listerners.Demo_Listeners" name="enterlogindetails" time="2.488"/>
</testsuite> <!-- Listerners.Demo_Listeners -->
