<?xml version="1.0" encoding="UTF-8"?>
<!-- Generated by org.testng.reporters.JUnitReportReporter -->
<testsuite hostname="DESKTOP-P0FATQV" failures="0" tests="1" name="pageobjectmodel.DriverPOM" time="9.722" errors="0" timestamp="2024-06-11T16:49:46 IST" skipped="0">
  <testcase classname="pageobjectmodel.DriverPOM" name="test" time="9.722"/>
</testsuite> <!-- pageobjectmodel.DriverPOM -->
