<?xml version="1.0" encoding="UTF-8"?>
<!-- Generated by org.testng.reporters.JUnitReportReporter -->
<testsuite hostname="DESKTOP-P0FATQV" failures="0" tests="1" name="datadriventesting.datadriventesting" time="1.463" errors="0" timestamp="2024-06-12T08:36:54 IST" skipped="0">
  <testcase classname="datadriventesting.datadriventesting" name="datafetch" time="1.463"/>
</testsuite> <!-- datadriventesting.datadriventesting -->
