<?xml version="1.0" encoding="UTF-8"?>
<!-- Generated by org.testng.reporters.JUnitReportReporter -->
<testsuite hostname="DESKTOP-P0FATQV" failures="0" tests="1" name="seleniumWebdriver.datadriventesting" time="1.291" errors="0" timestamp="2024-05-26T00:32:50 IST" skipped="0">
  <testcase classname="seleniumWebdriver.datadriventesting" name="datafetch" time="1.291"/>
</testsuite> <!-- seleniumWebdriver.datadriventesting -->
