<?xml version="1.0" encoding="UTF-8"?>
<!-- Generated by org.testng.reporters.JUnitReportReporter -->
<testsuite hostname="DESKTOP-P0FATQV" failures="0" tests="1" name="seleniumWebdriver.Jdbc" time="1.245" errors="0" timestamp="2024-05-25T19:16:01 IST" skipped="0">
  <testcase classname="seleniumWebdriver.Jdbc" name="jdbc" time="1.245"/>
</testsuite> <!-- seleniumWebdriver.Jdbc -->
